c:\users\soniya\desktop\r_v11\application\debug\vc141.pdb
c:\users\soniya\desktop\r_v11\application\debug\vc141.idb
c:\users\soniya\desktop\r_v11\application\debug\randomnumber.obj
c:\users\soniya\desktop\r_v11\application\debug\multicast.obj
c:\users\soniya\desktop\r_v11\application\debug\encryption.obj
c:\users\soniya\desktop\r_v11\application\debug\emulation_application.obj
c:\users\soniya\desktop\r_v11\application\debug\distribution.obj
c:\users\soniya\desktop\r_v11\application\debug\des_run.obj
c:\users\soniya\desktop\r_v11\application\debug\des.obj
c:\users\soniya\desktop\r_v11\application\debug\database_ftp_custom.obj
c:\users\soniya\desktop\r_v11\application\debug\coap.obj
c:\users\soniya\desktop\r_v11\application\debug\bsm.obj
c:\users\soniya\desktop\r_v11\application\debug\application.obj
c:\users\soniya\desktop\r_v11\application\debug\aes_run.obj
c:\users\soniya\desktop\r_v11\application\debug\aes.obj
c:\users\soniya\desktop\rebroadcasting_in_vanet_v11\code\application\debug\application.tlog\cl.command.1.tlog
c:\users\soniya\desktop\rebroadcasting_in_vanet_v11\code\application\debug\application.tlog\cl.read.1.tlog
c:\users\soniya\desktop\rebroadcasting_in_vanet_v11\code\application\debug\application.tlog\cl.write.1.tlog
c:\users\soniya\desktop\rebroadcasting_in_vanet_v11\code\application\debug\application.tlog\link-cvtres.read.1.tlog
c:\users\soniya\desktop\rebroadcasting_in_vanet_v11\code\application\debug\application.tlog\link-cvtres.write.1.tlog
c:\users\soniya\desktop\rebroadcasting_in_vanet_v11\code\application\debug\application.tlog\link-rc.read.1.tlog
c:\users\soniya\desktop\rebroadcasting_in_vanet_v11\code\application\debug\application.tlog\link-rc.write.1.tlog
c:\users\soniya\desktop\rebroadcasting_in_vanet_v11\code\application\debug\application.tlog\link.command.1.tlog
c:\users\soniya\desktop\rebroadcasting_in_vanet_v11\code\application\debug\application.tlog\link.read.1.tlog
c:\users\soniya\desktop\rebroadcasting_in_vanet_v11\code\application\debug\application.tlog\link.write.1.tlog
